<?xml version="1.0" encoding="UTF-8"?>
<!-- Generated by org.testng.reporters.JUnitReportReporter -->
<testsuite hostname="MSI" failures="0" tests="1" name="MainProject.MavenJava.AutomationAppium" time="0.016" errors="0" timestamp="2021-05-16T16:21:14 IST" skipped="0">
  <testcase classname="MainProject.MavenJava.AutomationAppium" name="Demo2" time="0.016"/>
  <system-out/>
</testsuite> <!-- MainProject.MavenJava.AutomationAppium -->
